app/mapping.txt
# compiler: R8
# compiler_version: 1.5.69
# min_api: 16
# pg_map_id: 01608ef
dev.lucasnlm.antimine.GameActivity -> dev.lucasnlm.antimine.GameActivity:
    kotlin.Lazy usingLargeArea$delegate -> D
    java.util.HashMap _$_findViewCache -> H
    java.lang.String TAG -> J
    dev.lucasnlm.antimine.core.preferences.IPreferencesRepository preferencesRepository -> y
    dev.lucasnlm.antimine.common.level.viewmodel.GameViewModelFactory viewModelFactory -> x
    long currentTime -> G
    dev.lucasnlm.antimine.GameActivity$Companion Companion -> K
    dev.lucasnlm.antimine.common.level.viewmodel.GameViewModel viewModel -> A
    int rightMines -> F
    int totalMines -> E
    kotlin.reflect.KProperty[] $$delegatedProperties -> I
    dev.lucasnlm.antimine.share.viewmodel.ShareViewModel shareViewModel -> B
    dev.lucasnlm.antimine.core.analytics.AnalyticsManager analyticsManager -> z
    dev.lucasnlm.antimine.common.level.data.GameStatus gameStatus -> C
    525:525:void <clinit>() -> <clinit>
    51:66:void <init>() -> <init>
    355:360:void showCustomLevelDialog() -> A
    321:333:void showRequestRating() -> B
    370:374:void showSettings() -> C
    51:51:void access$changeDifficulty(dev.lucasnlm.antimine.GameActivity,dev.lucasnlm.antimine.common.level.data.DifficultyPreset) -> a
    51:51:dev.lucasnlm.antimine.common.level.data.GameStatus access$getGameStatus$p(dev.lucasnlm.antimine.GameActivity) -> a
    51:51:void access$onGameEvent(dev.lucasnlm.antimine.GameActivity,dev.lucasnlm.antimine.common.level.data.GameEvent) -> a
dev.lucasnlm.antimine.GameActivity$Companion -> dev.lucasnlm.antimine.GameActivity$a:
    524:524:void <init>() -> <init>
    524:524:void <init>(kotlin.jvm.internal.DefaultConstructorMarker) -> <init>
    525:525:java.lang.String getTAG() -> a
dev.lucasnlm.antimine.GameActivity$WhenMappings -> dev.lucasnlm.antimine.a:
    int[] $EnumSwitchMapping$0 -> a
dev.lucasnlm.antimine.GameActivity$bindInstantApp$$inlined$apply$lambda$1 -> dev.lucasnlm.antimine.GameActivity$b:
    dev.lucasnlm.antimine.GameActivity this$0 -> c
    497:498:void onClick(android.view.View) -> onClick
dev.lucasnlm.antimine.GameActivity$bindToolbarAndDrawer$$inlined$apply$lambda$1 -> dev.lucasnlm.antimine.GameActivity$c:
    dev.lucasnlm.antimine.GameActivity this$0 -> a
    218:218:void <init>(dev.lucasnlm.antimine.GameActivity) -> <init>
    221:221:void onDrawerSlide(android.view.View,float) -> a
    224:228:void onDrawerOpened(android.view.View) -> a
    239:239:void onDrawerStateChanged(int) -> a
    231:235:void onDrawerClosed(android.view.View) -> b
dev.lucasnlm.antimine.GameActivity$bindToolbarAndDrawer$3 -> dev.lucasnlm.antimine.GameActivity$d:
    dev.lucasnlm.antimine.GameActivity this$0 -> a
    244:264:boolean onNavigationItemSelected(android.view.MenuItem) -> a
dev.lucasnlm.antimine.GameActivity$bindViewModel$$inlined$apply$lambda$1 -> dev.lucasnlm.antimine.GameActivity$e:
    dev.lucasnlm.antimine.GameActivity this$0 -> a
    51:51:void onChanged(java.lang.Object) -> a
    96:97:void onChanged(dev.lucasnlm.antimine.common.level.data.GameEvent) -> a
dev.lucasnlm.antimine.GameActivity$bindViewModel$$inlined$apply$lambda$2 -> dev.lucasnlm.antimine.GameActivity$f:
    dev.lucasnlm.antimine.GameActivity this$0 -> a
    51:51:void onChanged(java.lang.Object) -> a
    100:105:void onChanged(java.lang.Long) -> a
dev.lucasnlm.antimine.GameActivity$bindViewModel$$inlined$apply$lambda$3 -> dev.lucasnlm.antimine.GameActivity$g:
    dev.lucasnlm.antimine.GameActivity this$0 -> a
    51:51:void onChanged(java.lang.Object) -> a
    108:112:void onChanged(java.lang.Integer) -> a
dev.lucasnlm.antimine.GameActivity$bindViewModel$$inlined$apply$lambda$4 -> dev.lucasnlm.antimine.GameActivity$h:
    dev.lucasnlm.antimine.GameActivity this$0 -> a
    51:51:void onChanged(java.lang.Object) -> a
    115:116:void onChanged(dev.lucasnlm.antimine.common.level.data.DifficultyPreset) -> a
...
kotlin.coroutines.CombinedContext$Serialized$Companion -> kotlin.coroutines.CombinedContext$Serialized$Companion:
    115:115:void <init>() -> <init>
    115:115:void <init>(kotlin.jvm.internal.DefaultConstructorMarker) -> <init>
kotlin.coroutines.CombinedContext$toString$1 -> kotlin.coroutines.CombinedContext$toString$1:
    38:38:java.lang.Object invoke(java.lang.Object,java.lang.Object) -> invoke
    101:101:java.lang.String invoke(java.lang.String,kotlin.coroutines.CoroutineContext$Element) -> invoke
kotlin.coroutines.CombinedContext$writeReplace$1 -> kotlin.coroutines.CombinedContext$writeReplace$1:
    38:38:java.lang.Object invoke(java.lang.Object,java.lang.Object) -> invoke
    108:108:void invoke(kotlin.Unit,kotlin.coroutines.CoroutineContext$Element) -> invoke
kotlin.coroutines.ContinuationInterceptor$DefaultImpls -> kotlin.coroutines.ContinuationInterceptor$DefaultImpls:
    48:49:kotlin.coroutines.CoroutineContext$Element get(kotlin.coroutines.ContinuationInterceptor,kotlin.coroutines.CoroutineContext$Key) -> get
    53:53:kotlin.coroutines.CoroutineContext minusKey(kotlin.coroutines.ContinuationInterceptor,kotlin.coroutines.CoroutineContext$Key) -> minusKey
    44:44:void releaseInterceptedContinuation(kotlin.coroutines.ContinuationInterceptor,kotlin.coroutines.Continuation) -> releaseInterceptedContinuation
kotlin.coroutines.ContinuationInterceptor$Key -> kotlin.coroutines.ContinuationInterceptor$Key:
    18:18:void <clinit>() -> <clinit>
    18:18:void <init>() -> <init>
kotlin.coroutines.ContinuationKt -> kotlin.coroutines.ContinuationKt:
    65:71:kotlin.coroutines.Continuation Continuation(kotlin.coroutines.CoroutineContext,kotlin.jvm.functions.Function1) -> Continuation
    86:86:kotlin.coroutines.Continuation createCoroutine(kotlin.jvm.functions.Function1,kotlin.coroutines.Continuation) -> createCoroutine
    102:102:kotlin.coroutines.Continuation createCoroutine(kotlin.jvm.functions.Function2,java.lang.Object,kotlin.coroutines.Continuation) -> createCoroutine
    156:156:kotlin.coroutines.CoroutineContext getCoroutineContext() -> getCoroutineContext
    44:44:void resume(kotlin.coroutines.Continuation,java.lang.Object) -> resume
    53:53:void resumeWithException(kotlin.coroutines.Continuation,java.lang.Throwable) -> resumeWithException
    114:115:void startCoroutine(kotlin.jvm.functions.Function1,kotlin.coroutines.Continuation) -> startCoroutine
    128:129:void startCoroutine(kotlin.jvm.functions.Function2,java.lang.Object,kotlin.coroutines.Continuation) -> startCoroutine
    142:146:java.lang.Object suspendCoroutine(kotlin.jvm.functions.Function1,kotlin.coroutines.Continuation) -> suspendCoroutine
kotlin.coroutines.ContinuationKt$Continuation$1 -> kotlin.coroutines.ContinuationKt$Continuation$1:
    65:65:void <init>(kotlin.coroutines.CoroutineContext,kotlin.jvm.functions.Function1) -> <init>
    67:67:kotlin.coroutines.CoroutineContext getContext() -> getContext
    70:70:void resumeWith(java.lang.Object) -> resumeWith
kotlin.coroutines.CoroutineContext$DefaultImpls -> kotlin.coroutines.CoroutineContext$DefaultImpls:
    31:43:kotlin.coroutines.CoroutineContext plus(kotlin.coroutines.CoroutineContext,kotlin.coroutines.CoroutineContext) -> plus
kotlin.coroutines.CoroutineContext$Element$DefaultImpls -> kotlin.coroutines.CoroutineContext$Element$DefaultImpls:
    70:70:java.lang.Object fold(kotlin.coroutines.CoroutineContext$Element,java.lang.Object,kotlin.jvm.functions.Function2) -> fold
    66:67:kotlin.coroutines.CoroutineContext$Element get(kotlin.coroutines.CoroutineContext$Element,kotlin.coroutines.CoroutineContext$Key) -> get
    73:73:kotlin.coroutines.CoroutineContext minusKey(kotlin.coroutines.CoroutineContext$Element,kotlin.coroutines.CoroutineContext$Key) -> minusKey